<?xml version="1.0" encoding="UTF-8"?>
<testsuite name="SignUpSpec" time="5.474" tests="2" errors="1" skipped="0" failures="1">
  <properties>
[...]
</properties>
  <testcase name="sign up with blank username and password" classname="SignUpSpec" time="0.983">
    <failure message="The required page content &apos;submitButton - SimplePageContent (owner: SignUpPage, args: [], value: null)&apos; is not present" type="geb.error.RequiredPageContentNotPresent">geb.error.RequiredPageContentNotPresent: The required page content 'submitButton - SimplePageContent (owner: SignUpPage, args: [], value: null)' is not present
	at geb.content.TemplateDerivedPageContent.require(TemplateDerivedPageContent.groovy:66)
	at geb.content.PageContentTemplate.create_closure1(PageContentTemplate.groovy:63)
	at geb.content.PageContentTemplate.create_closure1(PageContentTemplate.groovy)
	at geb.content.PageContentTemplate.create(PageContentTemplate.groovy:82)
	at geb.content.PageContentTemplate.get(PageContentTemplate.groovy:54)
	at geb.content.PageContentSupport.getContent(PageContentSupport.groovy:43)
	at geb.content.PageContentSupport.propertyMissing(PageContentSupport.groovy:59)
	at geb.Page.propertyMissing(Page.groovy:77)
	at geb.Browser.propertyMissing(Browser.groovy:210)
	at geb.spock.GebSpec.propertyMissing(GebSpec.groovy:58)
	at SignUpSpec.sign up with blank username and password(SignUpSpec.groovy:15)
</failure>
  </testcase>
  <testcase name="sign up with valid username and password" classname="SignUpSpec" time="4.491">
    <error message="The given selector input[id=user_name is either invalid or does not result in a WebElement. The following error occurred:&#10;InvalidSelectorError: An invalid or illegal selector was specified&#10;Command duration or timeout: 52 milliseconds&#10;For documentation on this error, please visit: http://seleniumhq.org/exceptions/invalid_selector_exception.html&#10;Build info: version: &apos;2.45.0&apos;, revision: &apos;5017cb8e7ca8e37638dc3091b2440b90a1d8686f&apos;, time: &apos;2015-02-27 09:10:26&apos;&#10;System info: host: &apos;framgia-PC&apos;, ip: &apos;192.168.1.162&apos;, os.name: &apos;Windows 7&apos;, os.arch: &apos;amd64&apos;, os.version: &apos;6.1&apos;, java.version: &apos;1.7.0_76&apos;&#10;*** Element info: {Using=css selector, value=input[id=user_name}&#10;Session ID: 3c91279c-7dd9-47a3-bcc5-a7cdc7421348&#10;Driver info: org.openqa.selenium.firefox.FirefoxDriver&#10;Capabilities [{platform=WINDOWS, acceptSslCerts=true, javascriptEnabled=true, cssSelectorsEnabled=true, databaseEnabled=true, browserName=firefox, handlesAlerts=true, nativeEvents=true, webStorageEnabled=true, rotatable=false, locationContextEnabled=true, applicationCacheEnabled=true, takesScreenshot=true, version=33.0}]" type="org.openqa.selenium.InvalidSelectorException"><![CDATA[org.openqa.selenium.InvalidSelectorException: The given selector input[id=user_name is either invalid or does not result in a WebElement. The following error occurred:
InvalidSelectorError: An invalid or illegal selector was specified
Command duration or timeout: 52 milliseconds
For documentation on this error, please visit: http://seleniumhq.org/exceptions/invalid_selector_exception.html
Build info: version: '2.45.0', revision: '5017cb8e7ca8e37638dc3091b2440b90a1d8686f', time: '2015-02-27 09:10:26'
System info: host: 'framgia-PC', ip: '192.168.1.162', os.name: 'Windows 7', os.arch: 'amd64', os.version: '6.1', java.version: '1.7.0_76'
*** Element info: {Using=css selector, value=input[id=user_name}
Session ID: 3c91279c-7dd9-47a3-bcc5-a7cdc7421348
Driver info: org.openqa.selenium.firefox.FirefoxDriver
Capabilities [{platform=WINDOWS, acceptSslCerts=true, javascriptEnabled=true, cssSelectorsEnabled=true, databaseEnabled=true, browserName=firefox, handlesAlerts=true, nativeEvents=true, webStorageEnabled=true, rotatable=false, locationContextEnabled=true, applicationCacheEnabled=true, takesScreenshot=true, version=33.0}]
	at org.openqa.selenium.remote.ErrorHandler.createThrowable(ErrorHandler.java:204)
	at org.openqa.selenium.remote.ErrorHandler.throwIfResponseFailed(ErrorHandler.java:156)
	at org.openqa.selenium.remote.RemoteWebDriver.execute(RemoteWebDriver.java:599)
	at org.openqa.selenium.remote.RemoteWebElement.execute(RemoteWebElement.java:268)
	at org.openqa.selenium.remote.RemoteWebElement.findElements(RemoteWebElement.java:187)
	at org.openqa.selenium.remote.RemoteWebElement.findElementsByCssSelector(RemoteWebElement.java:240)
	at org.openqa.selenium.By$ByCssSelector.findElements(By.java:436)
	at org.openqa.selenium.remote.RemoteWebElement.findElements(RemoteWebElement.java:163)
	at geb.navigator.NonEmptyNavigator.find(NonEmptyNavigator.groovy:59)
	at geb.content.NavigableSupport.$(NavigableSupport.groovy:63)
	at geb.content.PageContentTemplateFactoryDelegate.$(PageContentTemplateFactoryDelegate.groovy:118)
	at SignUpPage._clinit__closure1_closure4(SignUpPage.groovy:12)
	at SignUpPage._clinit__closure1_closure4(SignUpPage.groovy)
	at geb.content.PageContentTemplate.invokeFactory(PageContentTemplate.groovy:97)
	at geb.content.PageContentTemplate.create_closure1(PageContentTemplate.groovy:59)
	at geb.content.PageContentTemplate.create_closure1(PageContentTemplate.groovy)
	at geb.content.PageContentTemplate.create(PageContentTemplate.groovy:82)
	at geb.content.PageContentTemplate.get(PageContentTemplate.groovy:54)
	at geb.content.PageContentSupport.getContent(PageContentSupport.groovy:43)
	at geb.content.PageContentSupport.propertyMissing(PageContentSupport.groovy:71)
	at geb.Page.propertyMissing(Page.groovy:77)
	at geb.Browser.propertyMissing(Browser.groovy:217)
	at geb.spock.GebSpec.propertyMissing(GebSpec.groovy:62)
	at SignUpSpec.sign up with valid username and password(SignUpSpec.groovy:27)
Caused by: org.openqa.selenium.InvalidSelectorException: The given selector input[id=user_name is either invalid or does not result in a WebElement. The following error occurred:
InvalidSelectorError: An invalid or illegal selector was specified
For documentation on this error, please visit: http://seleniumhq.org/exceptions/invalid_selector_exception.html
Build info: version: '2.45.0', revision: '5017cb8e7ca8e37638dc3091b2440b90a1d8686f', time: '2015-02-27 09:10:26'
System info: host: 'framgia-PC', ip: '192.168.1.162', os.name: 'Windows 7', os.arch: 'amd64', os.version: '6.1', java.version: '1.7.0_76'
Driver info: driver.version: unknown
	at <anonymous class>.FirefoxDriver.annotateInvalidSelectorError_(file:///C:/Users/framgia/AppData/Local/Temp/anonymous1435994505884860021webdriver-profile/extensions/fxdriver@googlecode.com/components/driver-component.js:10245)
	at <anonymous class>.FirefoxDriver.prototype.findElementsInternal_(file:///C:/Users/framgia/AppData/Local/Temp/anonymous1435994505884860021webdriver-profile/extensions/fxdriver@googlecode.com/components/driver-component.js:10303)
	at <anonymous class>.FirefoxDriver.prototype.findChildElements(file:///C:/Users/framgia/AppData/Local/Temp/anonymous1435994505884860021webdriver-profile/extensions/fxdriver@googlecode.com/components/driver-component.js:10310)
	at <anonymous class>.DelayedCommand.prototype.executeInternal_/h(file:///C:/Users/framgia/AppData/Local/Temp/anonymous1435994505884860021webdriver-profile/extensions/fxdriver@googlecode.com/components/command-processor.js:12274)
	at <anonymous class>.DelayedCommand.prototype.executeInternal_(file:///C:/Users/framgia/AppData/Local/Temp/anonymous1435994505884860021webdriver-profile/extensions/fxdriver@googlecode.com/components/command-processor.js:12279)
	at <anonymous class>.DelayedCommand.prototype.execute/<(file:///C:/Users/framgia/AppData/Local/Temp/anonymous1435994505884860021webdriver-profile/extensions/fxdriver@googlecode.com/components/command-processor.js:12221)
]]></error>
  </testcase>
</testsuite>